<?xml version="1.0" encoding="UTF-8" ?>
<testsuite failures="0" time="0.624" errors="0" skipped="0" tests="109" name="com.mypurecloud.sdk.api.TelephonyProvidersEdgeApiTest">
  <properties>
[...]
</properties>
  <testcase time="0.286" classname="com.mypurecloud.sdk.api.TelephonyProvidersEdgeApiTest" name="postProvidersEdgesEdgeIdSoftwareupdateTest"/>
  <testcase time="0.006" classname="com.mypurecloud.sdk.api.TelephonyProvidersEdgeApiTest" name="postProvidersEdgesSitesTest"/>
  <testcase time="0.007" classname="com.mypurecloud.sdk.api.TelephonyProvidersEdgeApiTest" name="postProvidersEdgesCertificateauthoritiesTest"/>
  <testcase time="0.006" classname="com.mypurecloud.sdk.api.TelephonyProvidersEdgeApiTest" name="getSchemasEdgesVnextSchemacategorySchematypeSchemaIdTest"/>
  <testcase time="0.007" classname="com.mypurecloud.sdk.api.TelephonyProvidersEdgeApiTest" name="putProvidersEdgesEndpointsEndpointIdTest"/>
  <testcase time="0.006" classname="com.mypurecloud.sdk.api.TelephonyProvidersEdgeApiTest" name="getProvidersEdgesEdgeIdLogicalinterfacesInterfaceIdTest"/>
  <testcase time="0.005" classname="com.mypurecloud.sdk.api.TelephonyProvidersEdgeApiTest" name="postProvidersEdgesTest"/>
  <testcase time="0.004" classname="com.mypurecloud.sdk.api.TelephonyProvidersEdgeApiTest" name="getProvidersEdgesTrunkswithrecordingTest"/>
  <testcase time="0.004" classname="com.mypurecloud.sdk.api.TelephonyProvidersEdgeApiTest" name="postProvidersEdgesEdgeIdRebootTest"/>
  <testcase time="0.005" classname="com.mypurecloud.sdk.api.TelephonyProvidersEdgeApiTest" name="deleteProvidersEdgesOutboundroutesOutboundrouteIdTest"/>
  <testcase time="0.004" classname="com.mypurecloud.sdk.api.TelephonyProvidersEdgeApiTest" name="putProvidersEdgesOutboundroutesOutboundrouteIdTest"/>
  <testcase time="0.005" classname="com.mypurecloud.sdk.api.TelephonyProvidersEdgeApiTest" name="getProvidersEdgesLinesTemplateTest"/>
  <testcase time="0.004" classname="com.mypurecloud.sdk.api.TelephonyProvidersEdgeApiTest" name="getProvidersEdgesEndpointsTest"/>
  <testcase time="0.004" classname="com.mypurecloud.sdk.api.TelephonyProvidersEdgeApiTest" name="putProvidersEdgesEdgeIdLogicalinterfacesInterfaceIdTest"/>
  <testcase time="0.004" classname="com.mypurecloud.sdk.api.TelephonyProvidersEdgeApiTest" name="getProvidersEdgesTest"/>
  <testcase time="0.006" classname="com.mypurecloud.sdk.api.TelephonyProvidersEdgeApiTest" name="getProvidersEdgesLinebasesettingsLinebaseIdTest"/>
  <testcase time="0.004" classname="com.mypurecloud.sdk.api.TelephonyProvidersEdgeApiTest" name="putProvidersEdgesSitesSiteIdNumberplansTest"/>
  <testcase time="0.004" classname="com.mypurecloud.sdk.api.TelephonyProvidersEdgeApiTest" name="getProvidersEdgesAvailablelanguagesTest"/>
  <testcase time="0.005" classname="com.mypurecloud.sdk.api.TelephonyProvidersEdgeApiTest" name="postProvidersEdgesPhonesRebootTest"/>
  <testcase time="0.004" classname="com.mypurecloud.sdk.api.TelephonyProvidersEdgeApiTest" name="putProvidersEdgesEdgeIdLinesLineIdTest"/>
  <testcase time="0.004" classname="com.mypurecloud.sdk.api.TelephonyProvidersEdgeApiTest" name="getProvidersEdgesExtensionpoolsExtensionpoolIdTest"/>
  <testcase time="0.004" classname="com.mypurecloud.sdk.api.TelephonyProvidersEdgeApiTest" name="getSchemasEdgesVnextSchemacategoryTest"/>
  <testcase time="0.003" classname="com.mypurecloud.sdk.api.TelephonyProvidersEdgeApiTest" name="getProvidersEdgesCertificateauthoritiesTest"/>
  <testcase time="0.004" classname="com.mypurecloud.sdk.api.TelephonyProvidersEdgeApiTest" name="postProvidersEdgesAddressvalidationTest"/>
  <testcase time="0.004" classname="com.mypurecloud.sdk.api.TelephonyProvidersEdgeApiTest" name="putProvidersEdgesDidsDidIdTest"/>
  <testcase time="0.003" classname="com.mypurecloud.sdk.api.TelephonyProvidersEdgeApiTest" name="getProvidersEdgesEdgeIdLogicalinterfacesTest"/>
  <testcase time="0.003" classname="com.mypurecloud.sdk.api.TelephonyProvidersEdgeApiTest" name="getProvidersEdgesPhonesTemplateTest"/>
  <testcase time="0.004" classname="com.mypurecloud.sdk.api.TelephonyProvidersEdgeApiTest" name="getProvidersEdgesLinesLineIdTest"/>
  <testcase time="0.004" classname="com.mypurecloud.sdk.api.TelephonyProvidersEdgeApiTest" name="deleteProvidersEdgesPhonesPhoneIdTest"/>
  <testcase time="0.003" classname="com.mypurecloud.sdk.api.TelephonyProvidersEdgeApiTest" name="getProvidersEdgesExtensionsTest"/>
  <testcase time="0.003" classname="com.mypurecloud.sdk.api.TelephonyProvidersEdgeApiTest" name="deleteProvidersEdgesTrunkbasesettingsTrunkbasesettingsIdTest"/>
  <testcase time="0.004" classname="com.mypurecloud.sdk.api.TelephonyProvidersEdgeApiTest" name="putProvidersEdgesDidpoolsDidpoolIdTest"/>
  <testcase time="0.003" classname="com.mypurecloud.sdk.api.TelephonyProvidersEdgeApiTest" name="getProvidersEdgesOutboundroutesTest"/>
  <testcase time="0.003" classname="com.mypurecloud.sdk.api.TelephonyProvidersEdgeApiTest" name="deleteProvidersEdgesEdgeIdLogicalinterfacesInterfaceIdTest"/>
  <testcase time="0.003" classname="com.mypurecloud.sdk.api.TelephonyProvidersEdgeApiTest" name="getProvidersEdgesLinesTest"/>
  <testcase time="0.003" classname="com.mypurecloud.sdk.api.TelephonyProvidersEdgeApiTest" name="deleteProvidersEdgesDidpoolsDidpoolIdTest"/>
  <testcase time="0.003" classname="com.mypurecloud.sdk.api.TelephonyProvidersEdgeApiTest" name="getProvidersEdgesTimezonesTest"/>
  <testcase time="0.003" classname="com.mypurecloud.sdk.api.TelephonyProvidersEdgeApiTest" name="putProvidersEdgesCertificateauthoritiesCertificateIdTest"/>
  <testcase time="0.003" classname="com.mypurecloud.sdk.api.TelephonyProvidersEdgeApiTest" name="getProvidersEdgesDidsTest"/>
  <testcase time="0.004" classname="com.mypurecloud.sdk.api.TelephonyProvidersEdgeApiTest" name="getProvidersEdgesEndpointsEndpointIdTest"/>
  <testcase time="0.002" classname="com.mypurecloud.sdk.api.TelephonyProvidersEdgeApiTest" name="getProvidersEdgesEdgeIdLogsJobsJobIdTest"/>
  <testcase time="0.003" classname="com.mypurecloud.sdk.api.TelephonyProvidersEdgeApiTest" name="getProvidersEdgesPhonesPhoneIdTest"/>
  <testcase time="0.003" classname="com.mypurecloud.sdk.api.TelephonyProvidersEdgeApiTest" name="getProvidersEdgesSitesSiteIdTest"/>
  <testcase time="0.003" classname="com.mypurecloud.sdk.api.TelephonyProvidersEdgeApiTest" name="putProvidersEdgesPhonesPhoneIdTest"/>
  <testcase time="0.003" classname="com.mypurecloud.sdk.api.TelephonyProvidersEdgeApiTest" name="getProvidersEdgesTrunkbasesettingsTemplateTest"/>
  <testcase time="0.003" classname="com.mypurecloud.sdk.api.TelephonyProvidersEdgeApiTest" name="getSchemasEdgesVnextSchemacategorySchematypeTest"/>
  <testcase time="0.003" classname="com.mypurecloud.sdk.api.TelephonyProvidersEdgeApiTest" name="getProvidersEdgesEdgegroupsEdgegroupIdTest"/>
  <testcase time="0.003" classname="com.mypurecloud.sdk.api.TelephonyProvidersEdgeApiTest" name="getProvidersEdgesExtensionpoolsTest"/>
  <testcase time="0.003" classname="com.mypurecloud.sdk.api.TelephonyProvidersEdgeApiTest" name="getProvidersEdgesEdgeIdLinesLineIdTest"/>
  <testcase time="0.003" classname="com.mypurecloud.sdk.api.TelephonyProvidersEdgeApiTest" name="postProvidersEdgesEdgeIdLogicalinterfacesTest"/>
  <testcase time="0.003" classname="com.mypurecloud.sdk.api.TelephonyProvidersEdgeApiTest" name="putProvidersEdgesPhonebasesettingsPhonebaseIdTest"/>
  <testcase time="0.003" classname="com.mypurecloud.sdk.api.TelephonyProvidersEdgeApiTest" name="getProvidersEdgesEdgeIdTest"/>
  <testcase time="0.003" classname="com.mypurecloud.sdk.api.TelephonyProvidersEdgeApiTest" name="postProvidersEdgesEndpointsTest"/>
  <testcase time="0.003" classname="com.mypurecloud.sdk.api.TelephonyProvidersEdgeApiTest" name="postProvidersEdgesDidpoolsTest"/>
  <testcase time="0.003" classname="com.mypurecloud.sdk.api.TelephonyProvidersEdgeApiTest" name="putProvidersEdgesSitesSiteIdTest"/>
  <testcase time="0.003" classname="com.mypurecloud.sdk.api.TelephonyProvidersEdgeApiTest" name="putProvidersEdgesEdgegroupsEdgegroupIdTest"/>
  <testcase time="0.003" classname="com.mypurecloud.sdk.api.TelephonyProvidersEdgeApiTest" name="deleteProvidersEdgesEdgeIdSoftwareupdateTest"/>
  <testcase time="0.003" classname="com.mypurecloud.sdk.api.TelephonyProvidersEdgeApiTest" name="getProvidersEdgesEdgeversionreportTest"/>
  <testcase time="0.003" classname="com.mypurecloud.sdk.api.TelephonyProvidersEdgeApiTest" name="getProvidersEdgesTrunkbasesettingsTrunkbasesettingsIdTest"/>
  <testcase time="0.003" classname="com.mypurecloud.sdk.api.TelephonyProvidersEdgeApiTest" name="deleteProvidersEdgesEdgegroupsEdgegroupIdTest"/>
  <testcase time="0.003" classname="com.mypurecloud.sdk.api.TelephonyProvidersEdgeApiTest" name="getProvidersEdgesEdgeIdLinesTest"/>
  <testcase time="0.003" classname="com.mypurecloud.sdk.api.TelephonyProvidersEdgeApiTest" name="deleteProvidersEdgesEndpointsEndpointIdTest"/>
  <testcase time="0.003" classname="com.mypurecloud.sdk.api.TelephonyProvidersEdgeApiTest" name="getProvidersEdgesExtensionsExtensionIdTest"/>
  <testcase time="0.003" classname="com.mypurecloud.sdk.api.TelephonyProvidersEdgeApiTest" name="deleteProvidersEdgesEdgeIdTest"/>
  <testcase time="0.003" classname="com.mypurecloud.sdk.api.TelephonyProvidersEdgeApiTest" name="deleteProvidersEdgesExtensionpoolsExtensionpoolIdTest"/>
  <testcase time="0.003" classname="com.mypurecloud.sdk.api.TelephonyProvidersEdgeApiTest" name="getProvidersEdgesEdgeIdSoftwareupdateTest"/>
  <testcase time="0.003" classname="com.mypurecloud.sdk.api.TelephonyProvidersEdgeApiTest" name="deleteProvidersEdgesCertificateauthoritiesCertificateIdTest"/>
  <testcase time="0.002" classname="com.mypurecloud.sdk.api.TelephonyProvidersEdgeApiTest" name="getProvidersEdgesOutboundroutesOutboundrouteIdTest"/>
  <testcase time="0.003" classname="com.mypurecloud.sdk.api.TelephonyProvidersEdgeApiTest" name="getProvidersEdgesSitesSiteIdNumberplansTest"/>
  <testcase time="0.002" classname="com.mypurecloud.sdk.api.TelephonyProvidersEdgeApiTest" name="getProvidersEdgesDidsDidIdTest"/>
  <testcase time="0.002" classname="com.mypurecloud.sdk.api.TelephonyProvidersEdgeApiTest" name="putProvidersEdgesExtensionpoolsExtensionpoolIdTest"/>
  <testcase time="0.003" classname="com.mypurecloud.sdk.api.TelephonyProvidersEdgeApiTest" name="getProvidersEdgesEdgeIdSoftwareversionsTest"/>
  <testcase time="0.002" classname="com.mypurecloud.sdk.api.TelephonyProvidersEdgeApiTest" name="getProvidersEdgesLinebasesettingsTest"/>
  <testcase time="0.003" classname="com.mypurecloud.sdk.api.TelephonyProvidersEdgeApiTest" name="getProvidersEdgesPhonesTest"/>
  <testcase time="0.002" classname="com.mypurecloud.sdk.api.TelephonyProvidersEdgeApiTest" name="postProvidersEdgesEdgeIdLogsJobsTest"/>
  <testcase time="0.003" classname="com.mypurecloud.sdk.api.TelephonyProvidersEdgeApiTest" name="putProvidersEdgesExtensionsExtensionIdTest"/>
  <testcase time="0.002" classname="com.mypurecloud.sdk.api.TelephonyProvidersEdgeApiTest" name="getProvidersEdgesSitesTest"/>
  <testcase time="0.003" classname="com.mypurecloud.sdk.api.TelephonyProvidersEdgeApiTest" name="putProvidersEdgesEdgeIdTest"/>
  <testcase time="0.007" classname="com.mypurecloud.sdk.api.TelephonyProvidersEdgeApiTest" name="getProvidersEdgesTrunkbasesettingsAvailablemetabasesTest"/>
  <testcase time="0.003" classname="com.mypurecloud.sdk.api.TelephonyProvidersEdgeApiTest" name="getProvidersEdgesTrunkbasesettingsTest"/>
  <testcase time="0.002" classname="com.mypurecloud.sdk.api.TelephonyProvidersEdgeApiTest" name="getProvidersEdgesDidpoolsDidpoolIdTest"/>
  <testcase time="0.002" classname="com.mypurecloud.sdk.api.TelephonyProvidersEdgeApiTest" name="getSchemasEdgesVnextSchemacategorySchematypeSchemaIdExtensiontypeMetadataIdTest"/>
  <testcase time="0.002" classname="com.mypurecloud.sdk.api.TelephonyProvidersEdgeApiTest" name="getProvidersEdgesEdgegroupsTest"/>
  <testcase time="0.002" classname="com.mypurecloud.sdk.api.TelephonyProvidersEdgeApiTest" name="getProvidersEdgesTrunksTest"/>
  <testcase time="0.002" classname="com.mypurecloud.sdk.api.TelephonyProvidersEdgeApiTest" name="getProvidersEdgesPhonebasesettingsTest"/>
  <testcase time="0.002" classname="com.mypurecloud.sdk.api.TelephonyProvidersEdgeApiTest" name="postProvidersEdgesTrunkbasesettingsTest"/>
  <testcase time="0.002" classname="com.mypurecloud.sdk.api.TelephonyProvidersEdgeApiTest" name="getProvidersEdgesEdgeIdPhysicalinterfacesInterfaceIdTest"/>
  <testcase time="0.002" classname="com.mypurecloud.sdk.api.TelephonyProvidersEdgeApiTest" name="getProvidersEdgesCertificateauthoritiesCertificateIdTest"/>
  <testcase time="0.002" classname="com.mypurecloud.sdk.api.TelephonyProvidersEdgeApiTest" name="postProvidersEdgesOutboundroutesTest"/>
  <testcase time="0.002" classname="com.mypurecloud.sdk.api.TelephonyProvidersEdgeApiTest" name="getProvidersEdgesDidpoolsTest"/>
  <testcase time="0.003" classname="com.mypurecloud.sdk.api.TelephonyProvidersEdgeApiTest" name="postProvidersEdgesPhonebasesettingsTest"/>
  <testcase time="0.002" classname="com.mypurecloud.sdk.api.TelephonyProvidersEdgeApiTest" name="getProvidersEdgesTrunksTrunkIdTest"/>
  <testcase time="0.002" classname="com.mypurecloud.sdk.api.TelephonyProvidersEdgeApiTest" name="postProvidersEdgesEdgeIdLogsJobsJobIdUploadTest"/>
  <testcase time="0.002" classname="com.mypurecloud.sdk.api.TelephonyProvidersEdgeApiTest" name="getProvidersEdgesSitesSiteIdNumberplansNumberplanIdTest"/>
  <testcase time="0.002" classname="com.mypurecloud.sdk.api.TelephonyProvidersEdgeApiTest" name="getSchemasEdgesVnextTest"/>
  <testcase time="0.002" classname="com.mypurecloud.sdk.api.TelephonyProvidersEdgeApiTest" name="getProvidersEdgesPhonebasesettingsAvailablemetabasesTest"/>
  <testcase time="0.002" classname="com.mypurecloud.sdk.api.TelephonyProvidersEdgeApiTest" name="postProvidersEdgesEdgeIdUnpairTest"/>
  <testcase time="0.002" classname="com.mypurecloud.sdk.api.TelephonyProvidersEdgeApiTest" name="postProvidersEdgesPhonesTest"/>
  <testcase time="0.002" classname="com.mypurecloud.sdk.api.TelephonyProvidersEdgeApiTest" name="postProvidersEdgesExtensionpoolsTest"/>
  <testcase time="0.002" classname="com.mypurecloud.sdk.api.TelephonyProvidersEdgeApiTest" name="getProvidersEdgesEdgeIdPhysicalinterfacesTest"/>
  <testcase time="0.002" classname="com.mypurecloud.sdk.api.TelephonyProvidersEdgeApiTest" name="getProvidersEdgesPhonebasesettingsPhonebaseIdTest"/>
  <testcase time="0.002" classname="com.mypurecloud.sdk.api.TelephonyProvidersEdgeApiTest" name="deleteProvidersEdgesPhonebasesettingsPhonebaseIdTest"/>
  <testcase time="0.002" classname="com.mypurecloud.sdk.api.TelephonyProvidersEdgeApiTest" name="deleteProvidersEdgesSitesSiteIdTest"/>
  <testcase time="0.002" classname="com.mypurecloud.sdk.api.TelephonyProvidersEdgeApiTest" name="getProvidersEdgesSitesSiteIdNumberplansClassificationsTest"/>
  <testcase time="0.002" classname="com.mypurecloud.sdk.api.TelephonyProvidersEdgeApiTest" name="putProvidersEdgesTrunkbasesettingsTrunkbasesettingsIdTest"/>
  <testcase time="0.002" classname="com.mypurecloud.sdk.api.TelephonyProvidersEdgeApiTest" name="getProvidersEdgesPhonebasesettingsTemplateTest"/>
  <testcase time="0.002" classname="com.mypurecloud.sdk.api.TelephonyProvidersEdgeApiTest" name="postProvidersEdgesSitesSiteIdRebalanceTest"/>
  <testcase time="0.002" classname="com.mypurecloud.sdk.api.TelephonyProvidersEdgeApiTest" name="postProvidersEdgesEdgegroupsTest"/>
  <testcase time="0.002" classname="com.mypurecloud.sdk.api.TelephonyProvidersEdgeApiTest" name="postProvidersEdgesPhonesPhoneIdRebootTest"/>
</testsuite>