<?xml version="1.0" encoding="UTF-8" ?>
<testsuite failures="0" time="0.511" errors="0" skipped="0" tests="65" name="com.mypurecloud.sdk.api.OutboundApiTest">
  <properties>
[...]
</properties>
  <testcase time="0.276" classname="com.mypurecloud.sdk.api.OutboundApiTest" name="deleteSequencesSequenceIdTest"/>
  <testcase time="0.007" classname="com.mypurecloud.sdk.api.OutboundApiTest" name="putSequencesSequenceIdTest"/>
  <testcase time="0.006" classname="com.mypurecloud.sdk.api.OutboundApiTest" name="getDnclistsTest"/>
  <testcase time="0.007" classname="com.mypurecloud.sdk.api.OutboundApiTest" name="getSequencesTest"/>
  <testcase time="0.007" classname="com.mypurecloud.sdk.api.OutboundApiTest" name="postDnclistsDnclistIdPhonenumbersTest"/>
  <testcase time="0.006" classname="com.mypurecloud.sdk.api.OutboundApiTest" name="postRulesetsTest"/>
  <testcase time="0.005" classname="com.mypurecloud.sdk.api.OutboundApiTest" name="putCallabletimesetsCallabletimesetIdTest"/>
  <testcase time="0.004" classname="com.mypurecloud.sdk.api.OutboundApiTest" name="postCampaignsCampaignIdCallbackScheduleTest"/>
  <testcase time="0.005" classname="com.mypurecloud.sdk.api.OutboundApiTest" name="deleteSchedulesCampaignsCampaignIdTest"/>
  <testcase time="0.004" classname="com.mypurecloud.sdk.api.OutboundApiTest" name="postCampaignsProgressTest"/>
  <testcase time="0.005" classname="com.mypurecloud.sdk.api.OutboundApiTest" name="getCallanalysisresponsesetsTest"/>
  <testcase time="0.005" classname="com.mypurecloud.sdk.api.OutboundApiTest" name="getContactlistsContactlistIdContactsContactIdTest"/>
  <testcase time="0.004" classname="com.mypurecloud.sdk.api.OutboundApiTest" name="deleteContactlistsContactlistIdContactsContactIdTest"/>
  <testcase time="0.004" classname="com.mypurecloud.sdk.api.OutboundApiTest" name="getSchedulesSequencesTest"/>
  <testcase time="0.004" classname="com.mypurecloud.sdk.api.OutboundApiTest" name="getCallanalysisresponsesetsCallanalysissetIdTest"/>
  <testcase time="0.006" classname="com.mypurecloud.sdk.api.OutboundApiTest" name="postCallabletimesetsTest"/>
  <testcase time="0.005" classname="com.mypurecloud.sdk.api.OutboundApiTest" name="getRulesetsTest"/>
  <testcase time="0.004" classname="com.mypurecloud.sdk.api.OutboundApiTest" name="getContactlistsContactlistIdExportTest"/>
  <testcase time="0.004" classname="com.mypurecloud.sdk.api.OutboundApiTest" name="getCampaignsCampaignIdTest"/>
  <testcase time="0.003" classname="com.mypurecloud.sdk.api.OutboundApiTest" name="getCallabletimesetsTest"/>
  <testcase time="0.004" classname="com.mypurecloud.sdk.api.OutboundApiTest" name="deleteRulesetsRulesetIdTest"/>
  <testcase time="0.004" classname="com.mypurecloud.sdk.api.OutboundApiTest" name="getDnclistsDnclistIdTest"/>
  <testcase time="0.003" classname="com.mypurecloud.sdk.api.OutboundApiTest" name="deleteCallanalysisresponsesetsCallanalysissetIdTest"/>
  <testcase time="0.004" classname="com.mypurecloud.sdk.api.OutboundApiTest" name="postContactlistsContactlistIdExportTest"/>
  <testcase time="0.003" classname="com.mypurecloud.sdk.api.OutboundApiTest" name="postSequencesTest"/>
  <testcase time="0.004" classname="com.mypurecloud.sdk.api.OutboundApiTest" name="putWrapupcodemappingsTest"/>
  <testcase time="0.004" classname="com.mypurecloud.sdk.api.OutboundApiTest" name="getSchedulesSequencesSequenceIdTest"/>
  <testcase time="0.003" classname="com.mypurecloud.sdk.api.OutboundApiTest" name="getDnclistsDnclistIdImportstatusTest"/>
  <testcase time="0.004" classname="com.mypurecloud.sdk.api.OutboundApiTest" name="putSchedulesCampaignsCampaignIdTest"/>
  <testcase time="0.004" classname="com.mypurecloud.sdk.api.OutboundApiTest" name="deleteContactlistsContactlistIdTest"/>
  <testcase time="0.003" classname="com.mypurecloud.sdk.api.OutboundApiTest" name="getContactlistsTest"/>
  <testcase time="0.003" classname="com.mypurecloud.sdk.api.OutboundApiTest" name="postDnclistsDnclistIdExportTest"/>
  <testcase time="0.003" classname="com.mypurecloud.sdk.api.OutboundApiTest" name="putRulesetsRulesetIdTest"/>
  <testcase time="0.003" classname="com.mypurecloud.sdk.api.OutboundApiTest" name="postCallanalysisresponsesetsTest"/>
  <testcase time="0.003" classname="com.mypurecloud.sdk.api.OutboundApiTest" name="getCallabletimesetsCallabletimesetIdTest"/>
  <testcase time="0.003" classname="com.mypurecloud.sdk.api.OutboundApiTest" name="getContactlistsContactlistIdImportstatusTest"/>
  <testcase time="0.003" classname="com.mypurecloud.sdk.api.OutboundApiTest" name="getCampaignsTest"/>
  <testcase time="0.003" classname="com.mypurecloud.sdk.api.OutboundApiTest" name="postAuditsTest"/>
  <testcase time="0.003" classname="com.mypurecloud.sdk.api.OutboundApiTest" name="deleteCampaignsCampaignIdProgressTest"/>
  <testcase time="0.003" classname="com.mypurecloud.sdk.api.OutboundApiTest" name="deleteSchedulesSequencesSequenceIdTest"/>
  <testcase time="0.003" classname="com.mypurecloud.sdk.api.OutboundApiTest" name="deleteCampaignsCampaignIdTest"/>
  <testcase time="0.003" classname="com.mypurecloud.sdk.api.OutboundApiTest" name="putCallanalysisresponsesetsCallanalysissetIdTest"/>
  <testcase time="0.003" classname="com.mypurecloud.sdk.api.OutboundApiTest" name="putCampaignsCampaignIdTest"/>
  <testcase time="0.003" classname="com.mypurecloud.sdk.api.OutboundApiTest" name="getSchedulesCampaignsTest"/>
  <testcase time="0.003" classname="com.mypurecloud.sdk.api.OutboundApiTest" name="deleteCallabletimesetsCallabletimesetIdTest"/>
  <testcase time="0.003" classname="com.mypurecloud.sdk.api.OutboundApiTest" name="postConversationsConversationIdDncTest"/>
  <testcase time="0.003" classname="com.mypurecloud.sdk.api.OutboundApiTest" name="deleteDnclistsDnclistIdTest"/>
  <testcase time="0.003" classname="com.mypurecloud.sdk.api.OutboundApiTest" name="getCampaignsCampaignIdProgressTest"/>
  <testcase time="0.003" classname="com.mypurecloud.sdk.api.OutboundApiTest" name="getSequencesSequenceIdTest"/>
  <testcase time="0.003" classname="com.mypurecloud.sdk.api.OutboundApiTest" name="postCampaignsTest"/>
  <testcase time="0.003" classname="com.mypurecloud.sdk.api.OutboundApiTest" name="putContactlistsContactlistIdContactsContactIdTest"/>
  <testcase time="0.003" classname="com.mypurecloud.sdk.api.OutboundApiTest" name="putCampaignsCampaignIdAgentsUserIdTest"/>
  <testcase time="0.003" classname="com.mypurecloud.sdk.api.OutboundApiTest" name="putSchedulesSequencesSequenceIdTest"/>
  <testcase time="0.003" classname="com.mypurecloud.sdk.api.OutboundApiTest" name="getCampaignsCampaignIdDiagnosticsTest"/>
  <testcase time="0.002" classname="com.mypurecloud.sdk.api.OutboundApiTest" name="putDnclistsDnclistIdTest"/>
  <testcase time="0.003" classname="com.mypurecloud.sdk.api.OutboundApiTest" name="getContactlistsContactlistIdTest"/>
  <testcase time="0.003" classname="com.mypurecloud.sdk.api.OutboundApiTest" name="postContactlistsContactlistIdContactsTest"/>
  <testcase time="0.003" classname="com.mypurecloud.sdk.api.OutboundApiTest" name="postDnclistsTest"/>
  <testcase time="0.003" classname="com.mypurecloud.sdk.api.OutboundApiTest" name="postContactlistsTest"/>
  <testcase time="0.003" classname="com.mypurecloud.sdk.api.OutboundApiTest" name="getRulesetsRulesetIdTest"/>
  <testcase time="0.003" classname="com.mypurecloud.sdk.api.OutboundApiTest" name="getCampaignsCampaignIdStatsTest"/>
  <testcase time="0.003" classname="com.mypurecloud.sdk.api.OutboundApiTest" name="getSchedulesCampaignsCampaignIdTest"/>
  <testcase time="0.002" classname="com.mypurecloud.sdk.api.OutboundApiTest" name="getWrapupcodemappingsTest"/>
  <testcase time="0.003" classname="com.mypurecloud.sdk.api.OutboundApiTest" name="putContactlistsContactlistIdTest"/>
  <testcase time="0.003" classname="com.mypurecloud.sdk.api.OutboundApiTest" name="getDnclistsDnclistIdExportTest"/>
</testsuite>